<?xml version="1.0" encoding="UTF-8"?>
<coverage generated="1591373918478" clover="3.2.0">
  <project timestamp="1591373918478" name="All files">
    <metrics statements="4" coveredstatements="0" conditionals="0" coveredconditionals="0" methods="2" coveredmethods="0" elements="6" coveredelements="0" complexity="0" loc="4" ncloc="4" packages="2" files="2" classes="2"/>
    <package name="LNtechtest">
      <metrics statements="1" coveredstatements="0" conditionals="0" coveredconditionals="0" methods="0" coveredmethods="0"/>
      <file name="jest.config.js" path="/home/abuteler/workspace/varios/lanacion/LNtechtest/jest.config.js">
        <metrics statements="1" coveredstatements="0" conditionals="0" coveredconditionals="0" methods="0" coveredmethods="0"/>
        <line num="1" count="0" type="stmt"/>
      </file>
    </package>
    <package name="LNtechtest.config.jest">
      <metrics statements="3" coveredstatements="0" conditionals="0" coveredconditionals="0" methods="2" coveredmethods="0"/>
      <file name="cssTransform.js" path="/home/abuteler/workspace/varios/lanacion/LNtechtest/config/jest/cssTransform.js">
        <metrics statements="3" coveredstatements="0" conditionals="0" coveredconditionals="0" methods="2" coveredmethods="0"/>
        <line num="1" count="0" type="stmt"/>
        <line num="3" count="0" type="stmt"/>
        <line num="6" count="0" type="stmt"/>
      </file>
    </package>
  </project>
</coverage>
